2026-03-26 19:47:52 | INFO    | ============================================================
2026-03-26 19:47:52 | INFO    | 检测周期 #1
2026-03-26 19:47:53 | INFO    | 市场状态: RANGE_BOUND
2026-03-26 19:47:53 | INFO    | ADX: 19.6 | DI+: 23.1 | DI-: 20.6
2026-03-26 19:47:53 | INFO    | 价格: $69,437 | BB中轨: $70,623 | BB下轨: $69,358
2026-03-26 19:47:53 | INFO    | EMA20: $68,680 | EMA50: $69,225
2026-03-26 19:47:53 | WARNING | 市场状态变化: UNKNOWN → RANGE_BOUND
2026-03-26 19:47:53 | INFO    | 变化原因: ADX=19.6≤20, 市场震荡
2026-03-26 19:47:54 | INFO    | RSI: 63.9 | BB位置: 0.03
2026-03-26 19:47:54 | INFO    | 交易信号: HOLD | 原因: 无信号 (RSI=63.9, BB位置=0.03)
2026-03-26 19:47:54 | INFO    | 账户状态: 资金=$1,000.00 | 持仓=0 | 本周盈亏=$+0.00
2026-03-26 19:58:54 | INFO    | ============================================================
2026-03-26 19:58:54 | INFO    | OKX 均值回归交易系统启动
2026-03-26 19:58:54 | INFO    | 交易对: BTC-USDT
2026-03-26 19:58:54 | INFO    | 资金: $1000.0
2026-03-26 19:58:54 | INFO    | 单笔风险: 5.0%
2026-03-26 19:58:54 | INFO    | 检测间隔: 300秒 (5分钟)
2026-03-26 19:58:54 | INFO    | RSI超卖阈值: 25
2026-03-26 19:58:54 | INFO    | Demo模式: True
2026-03-26 19:58:54 | INFO    | ============================================================
2026-03-26 19:58:54 | INFO    | ============================================================
2026-03-26 19:58:54 | INFO    | 检测周期 #1
2026-03-26 19:58:55 | INFO    | 市场状态: RANGE_BOUND
2026-03-26 19:58:55 | INFO    | ADX: 19.6 | DI+: 23.1 | DI-: 20.6
2026-03-26 19:58:55 | INFO    | 价格: $69,290 | BB中轨: $70,616 | BB下轨: $69,322
2026-03-26 19:58:55 | INFO    | EMA20: $68,680 | EMA50: $69,224
2026-03-26 19:58:55 | WARNING | 市场状态变化: UNKNOWN → RANGE_BOUND
2026-03-26 19:58:55 | INFO    | 变化原因: ADX=19.6≤20, 市场震荡
2026-03-26 19:58:56 | INFO    | RSI: 63.9 | BB位置: 0.00
2026-03-26 19:58:56 | INFO    | 交易信号: HOLD | 原因: 无信号 (RSI=63.9, BB位置=0.00)
2026-03-26 19:58:56 | INFO    | 账户状态: 资金=$1,000.00 | 持仓=0 | 本周盈亏=$+0.00
2026-03-26 19:58:56 | INFO    | 下次检测: 20:03:56
2026-03-26 19:58:56 | INFO    | ----------------------------------------
2026-03-26 20:03:56 | INFO    | ============================================================
2026-03-26 20:03:56 | INFO    | 检测周期 #2
2026-03-26 20:03:57 | INFO    | 市场状态: RANGE_BOUND
2026-03-26 20:03:57 | INFO    | ADX: 18.8 | DI+: 24.1 | DI-: 19.2
2026-03-26 20:03:57 | INFO    | 价格: $69,337 | BB中轨: $70,516 | BB下轨: $69,150
2026-03-26 20:03:57 | INFO    | EMA20: $68,666 | EMA50: $69,239
2026-03-26 20:03:57 | INFO    | RSI: 63.7 | BB位置: 0.07
2026-03-26 20:03:57 | INFO    | 交易信号: HOLD | 原因: 无信号 (RSI=63.7, BB位置=0.07)
2026-03-26 20:03:57 | INFO    | 账户状态: 资金=$1,000.00 | 持仓=0 | 本周盈亏=$+0.00
2026-03-26 20:03:57 | INFO    | 下次检测: 20:08:57
2026-03-26 20:03:57 | INFO    | ----------------------------------------
2026-03-26 20:08:57 | INFO    | ============================================================
2026-03-26 20:08:57 | INFO    | 检测周期 #3
2026-03-26 20:08:58 | INFO    | 市场状态: RANGE_BOUND
2026-03-26 20:08:58 | INFO    | ADX: 18.8 | DI+: 24.1 | DI-: 19.2
2026-03-26 20:08:58 | INFO    | 价格: $69,371 | BB中轨: $70,518 | BB下轨: $69,157
2026-03-26 20:08:58 | INFO    | EMA20: $68,666 | EMA50: $69,239
2026-03-26 20:08:59 | INFO    | RSI: 63.7 | BB位置: 0.08
2026-03-26 20:08:59 | INFO    | 交易信号: HOLD | 原因: 无信号 (RSI=63.7, BB位置=0.08)
2026-03-26 20:08:59 | INFO    | 账户状态: 资金=$1,000.00 | 持仓=0 | 本周盈亏=$+0.00
2026-03-26 20:08:59 | INFO    | 下次检测: 20:13:59
2026-03-26 20:08:59 | INFO    | ----------------------------------------
2026-03-26 20:13:59 | INFO    | ============================================================
2026-03-26 20:13:59 | INFO    | 检测周期 #4
2026-03-26 20:13:59 | INFO    | 市场状态: RANGE_BOUND
2026-03-26 20:13:59 | INFO    | ADX: 18.8 | DI+: 24.1 | DI-: 19.2
2026-03-26 20:13:59 | INFO    | 价格: $69,384 | BB中轨: $70,518 | BB下轨: $69,160
2026-03-26 20:13:59 | INFO    | EMA20: $68,666 | EMA50: $69,239
2026-03-26 20:14:00 | INFO    | RSI: 63.7 | BB位置: 0.08
2026-03-26 20:14:00 | INFO    | 交易信号: HOLD | 原因: 无信号 (RSI=63.7, BB位置=0.08)
2026-03-26 20:14:00 | INFO    | 账户状态: 资金=$1,000.00 | 持仓=0 | 本周盈亏=$+0.00
2026-03-26 20:14:00 | INFO    | 下次检测: 20:19:00
2026-03-26 20:14:00 | INFO    | ----------------------------------------
2026-03-26 20:19:00 | INFO    | ============================================================
2026-03-26 20:19:00 | INFO    | 检测周期 #5
2026-03-26 20:19:01 | INFO    | 市场状态: RANGE_BOUND
2026-03-26 20:19:01 | INFO    | ADX: 18.8 | DI+: 24.1 | DI-: 19.2
2026-03-26 20:19:01 | INFO    | 价格: $69,360 | BB中轨: $70,517 | BB下轨: $69,155
2026-03-26 20:19:01 | INFO    | EMA20: $68,666 | EMA50: $69,239
2026-03-26 20:19:02 | INFO    | RSI: 63.7 | BB位置: 0.08
2026-03-26 20:19:02 | INFO    | 交易信号: HOLD | 原因: 无信号 (RSI=63.7, BB位置=0.08)
2026-03-26 20:19:02 | INFO    | 账户状态: 资金=$1,000.00 | 持仓=0 | 本周盈亏=$+0.00
2026-03-26 20:19:02 | INFO    | 下次检测: 20:24:02
2026-03-26 20:19:02 | INFO    | ----------------------------------------
2026-03-26 20:24:02 | INFO    | ============================================================
2026-03-26 20:24:02 | INFO    | 检测周期 #6
2026-03-26 20:24:02 | INFO    | 市场状态: RANGE_BOUND
2026-03-26 20:24:02 | INFO    | ADX: 18.8 | DI+: 24.1 | DI-: 19.2
2026-03-26 20:24:02 | INFO    | 价格: $69,405 | BB中轨: $70,519 | BB下轨: $69,165
2026-03-26 20:24:02 | INFO    | EMA20: $68,666 | EMA50: $69,240
2026-03-26 20:24:03 | INFO    | RSI: 63.7 | BB位置: 0.09
2026-03-26 20:24:03 | INFO    | 交易信号: HOLD | 原因: 无信号 (RSI=63.7, BB位置=0.09)
2026-03-26 20:24:03 | INFO    | 账户状态: 资金=$1,000.00 | 持仓=0 | 本周盈亏=$+0.00
2026-03-26 20:24:03 | INFO    | 下次检测: 20:29:03
2026-03-26 20:24:03 | INFO    | ----------------------------------------
